ERROR - 2025-10-05 19:16:35 --> mysqli_sql_exception: Cannot add or update a child row: a foreign key constraint fails (`instituto`.`turnos`, CONSTRAINT `fk_turno_profesor` FOREIGN KEY (`ID_Profesor`) REFERENCES `profesores` (`ID_Profesor`) ON UPDATE CASCADE) in C:\xampp\htdocs\Proyecto-CampoLaboral-InstitutoAcademicoWEB\vendor\codeigniter4\framework\system\Database\MySQLi\Connection.php:327
Stack trace:
#0 C:\xampp\htdocs\Proyecto-CampoLaboral-InstitutoAcademicoWEB\vendor\codeigniter4\framework\system\Database\MySQLi\Connection.php(327): mysqli->query('INSERT INTO `tu...', 0)
#1 C:\xampp\htdocs\Proyecto-CampoLaboral-InstitutoAcademicoWEB\vendor\codeigniter4\framework\system\Database\BaseConnection.php(729): CodeIgniter\Database\MySQLi\Connection->execute('INSERT INTO `tu...')
#2 C:\xampp\htdocs\Proyecto-CampoLaboral-InstitutoAcademicoWEB\vendor\codeigniter4\framework\system\Database\BaseConnection.php(646): CodeIgniter\Database\BaseConnection->simpleQuery('INSERT INTO `tu...')
#3 C:\xampp\htdocs\Proyecto-CampoLaboral-InstitutoAcademicoWEB\vendor\codeigniter4\framework\system\Database\BaseBuilder.php(2345): CodeIgniter\Database\BaseConnection->query('INSERT INTO `tu...', Array, false)
#4 C:\xampp\htdocs\Proyecto-CampoLaboral-InstitutoAcademicoWEB\vendor\codeigniter4\framework\system\Model.php(394): CodeIgniter\Database\BaseBuilder->insert()
#5 C:\xampp\htdocs\Proyecto-CampoLaboral-InstitutoAcademicoWEB\vendor\codeigniter4\framework\system\BaseModel.php(838): CodeIgniter\Model->doInsert(Array)
#6 C:\xampp\htdocs\Proyecto-CampoLaboral-InstitutoAcademicoWEB\vendor\codeigniter4\framework\system\Model.php(797): CodeIgniter\BaseModel->insert(Array, true)
#7 C:\xampp\htdocs\Proyecto-CampoLaboral-InstitutoAcademicoWEB\app\controllers\turnos.php(27): CodeIgniter\Model->insert(Array)
#8 C:\xampp\htdocs\Proyecto-CampoLaboral-InstitutoAcademicoWEB\vendor\codeigniter4\framework\system\CodeIgniter.php(933): App\Controllers\Turnos->store()
#9 C:\xampp\htdocs\Proyecto-CampoLaboral-InstitutoAcademicoWEB\vendor\codeigniter4\framework\system\CodeIgniter.php(507): CodeIgniter\CodeIgniter->runController(Object(App\Controllers\Turnos))
#10 C:\xampp\htdocs\Proyecto-CampoLaboral-InstitutoAcademicoWEB\vendor\codeigniter4\framework\system\CodeIgniter.php(354): CodeIgniter\CodeIgniter->handleRequest(NULL, Object(Config\Cache), false)
#11 C:\xampp\htdocs\Proyecto-CampoLaboral-InstitutoAcademicoWEB\vendor\codeigniter4\framework\system\Boot.php(363): CodeIgniter\CodeIgniter->run()
#12 C:\xampp\htdocs\Proyecto-CampoLaboral-InstitutoAcademicoWEB\vendor\codeigniter4\framework\system\Boot.php(68): CodeIgniter\Boot::runCodeIgniter(Object(CodeIgniter\CodeIgniter))
#13 C:\xampp\htdocs\Proyecto-CampoLaboral-InstitutoAcademicoWEB\public\index.php(59): CodeIgniter\Boot::bootWeb(Object(Config\Paths))
#14 C:\xampp\htdocs\Proyecto-CampoLaboral-InstitutoAcademicoWEB\vendor\codeigniter4\framework\system\rewrite.php(44): require_once('C:\\xampp\\htdocs...')
#15 {main}
CRITICAL - 2025-10-05 19:16:35 --> CodeIgniter\Database\Exceptions\DatabaseException: Cannot add or update a child row: a foreign key constraint fails (`instituto`.`turnos`, CONSTRAINT `fk_turno_profesor` FOREIGN KEY (`ID_Profesor`) REFERENCES `profesores` (`ID_Profesor`) ON UPDATE CASCADE)
[Method: POST, Route: turnos/store]
in SYSTEMPATH\Database\BaseConnection.php on line 684.
 1 SYSTEMPATH\Database\BaseBuilder.php(2345): CodeIgniter\Database\BaseConnection->query('INSERT INTO `turnos` (`Turno`, `ID_Profesor`, `ID_Carrera`) VALUES (:Turno:, :ID_Profesor:, :ID_Carrera:)', [...], false)
 2 SYSTEMPATH\Model.php(394): CodeIgniter\Database\BaseBuilder->insert()
 3 SYSTEMPATH\BaseModel.php(838): CodeIgniter\Model->doInsert([...])
 4 SYSTEMPATH\Model.php(797): CodeIgniter\BaseModel->insert([...], true)
 5 APPPATH\controllers\turnos.php(27): CodeIgniter\Model->insert([...])
 6 SYSTEMPATH\CodeIgniter.php(933): App\Controllers\Turnos->store()
 7 SYSTEMPATH\CodeIgniter.php(507): CodeIgniter\CodeIgniter->runController(Object(App\Controllers\Turnos))
 8 SYSTEMPATH\CodeIgniter.php(354): CodeIgniter\CodeIgniter->handleRequest(null, Object(Config\Cache), false)
 9 SYSTEMPATH\Boot.php(363): CodeIgniter\CodeIgniter->run()
10 SYSTEMPATH\Boot.php(68): CodeIgniter\Boot::runCodeIgniter(Object(CodeIgniter\CodeIgniter))
11 FCPATH\index.php(59): CodeIgniter\Boot::bootWeb(Object(Config\Paths))
12 SYSTEMPATH\rewrite.php(44): require_once('C:\\xampp\\htdocs\\Proyecto-CampoLaboral-InstitutoAcademicoWEB\\public\\index.php')
CRITICAL - 2025-10-05 19:16:35 --> [Caused by] CodeIgniter\Database\Exceptions\DatabaseException: Cannot add or update a child row: a foreign key constraint fails (`instituto`.`turnos`, CONSTRAINT `fk_turno_profesor` FOREIGN KEY (`ID_Profesor`) REFERENCES `profesores` (`ID_Profesor`) ON UPDATE CASCADE)
in SYSTEMPATH\Database\MySQLi\Connection.php on line 332.
 1 SYSTEMPATH\Database\BaseConnection.php(729): CodeIgniter\Database\MySQLi\Connection->execute('INSERT INTO `turnos` (`Turno`, `ID_Profesor`, `ID_Carrera`) VALUES (\'Tarde\', \'1\', \'1\')')
 2 SYSTEMPATH\Database\BaseConnection.php(646): CodeIgniter\Database\BaseConnection->simpleQuery('INSERT INTO `turnos` (`Turno`, `ID_Profesor`, `ID_Carrera`) VALUES (\'Tarde\', \'1\', \'1\')')
 3 SYSTEMPATH\Database\BaseBuilder.php(2345): CodeIgniter\Database\BaseConnection->query('INSERT INTO `turnos` (`Turno`, `ID_Profesor`, `ID_Carrera`) VALUES (:Turno:, :ID_Profesor:, :ID_Carrera:)', [...], false)
 4 SYSTEMPATH\Model.php(394): CodeIgniter\Database\BaseBuilder->insert()
 5 SYSTEMPATH\BaseModel.php(838): CodeIgniter\Model->doInsert([...])
 6 SYSTEMPATH\Model.php(797): CodeIgniter\BaseModel->insert([...], true)
 7 APPPATH\controllers\turnos.php(27): CodeIgniter\Model->insert([...])
 8 SYSTEMPATH\CodeIgniter.php(933): App\Controllers\Turnos->store()
 9 SYSTEMPATH\CodeIgniter.php(507): CodeIgniter\CodeIgniter->runController(Object(App\Controllers\Turnos))
10 SYSTEMPATH\CodeIgniter.php(354): CodeIgniter\CodeIgniter->handleRequest(null, Object(Config\Cache), false)
11 SYSTEMPATH\Boot.php(363): CodeIgniter\CodeIgniter->run()
12 SYSTEMPATH\Boot.php(68): CodeIgniter\Boot::runCodeIgniter(Object(CodeIgniter\CodeIgniter))
13 FCPATH\index.php(59): CodeIgniter\Boot::bootWeb(Object(Config\Paths))
14 SYSTEMPATH\rewrite.php(44): require_once('C:\\xampp\\htdocs\\Proyecto-CampoLaboral-InstitutoAcademicoWEB\\public\\index.php')
CRITICAL - 2025-10-05 19:16:35 --> [Caused by] mysqli_sql_exception: Cannot add or update a child row: a foreign key constraint fails (`instituto`.`turnos`, CONSTRAINT `fk_turno_profesor` FOREIGN KEY (`ID_Profesor`) REFERENCES `profesores` (`ID_Profesor`) ON UPDATE CASCADE)
in SYSTEMPATH\Database\MySQLi\Connection.php on line 327.
 1 SYSTEMPATH\Database\MySQLi\Connection.php(327): mysqli->query('INSERT INTO `turnos` (`Turno`, `ID_Profesor`, `ID_Carrera`) VALUES (\'Tarde\', \'1\', \'1\')', 0)
 2 SYSTEMPATH\Database\BaseConnection.php(729): CodeIgniter\Database\MySQLi\Connection->execute('INSERT INTO `turnos` (`Turno`, `ID_Profesor`, `ID_Carrera`) VALUES (\'Tarde\', \'1\', \'1\')')
 3 SYSTEMPATH\Database\BaseConnection.php(646): CodeIgniter\Database\BaseConnection->simpleQuery('INSERT INTO `turnos` (`Turno`, `ID_Profesor`, `ID_Carrera`) VALUES (\'Tarde\', \'1\', \'1\')')
 4 SYSTEMPATH\Database\BaseBuilder.php(2345): CodeIgniter\Database\BaseConnection->query('INSERT INTO `turnos` (`Turno`, `ID_Profesor`, `ID_Carrera`) VALUES (:Turno:, :ID_Profesor:, :ID_Carrera:)', [...], false)
 5 SYSTEMPATH\Model.php(394): CodeIgniter\Database\BaseBuilder->insert()
 6 SYSTEMPATH\BaseModel.php(838): CodeIgniter\Model->doInsert([...])
 7 SYSTEMPATH\Model.php(797): CodeIgniter\BaseModel->insert([...], true)
 8 APPPATH\controllers\turnos.php(27): CodeIgniter\Model->insert([...])
 9 SYSTEMPATH\CodeIgniter.php(933): App\Controllers\Turnos->store()
10 SYSTEMPATH\CodeIgniter.php(507): CodeIgniter\CodeIgniter->runController(Object(App\Controllers\Turnos))
11 SYSTEMPATH\CodeIgniter.php(354): CodeIgniter\CodeIgniter->handleRequest(null, Object(Config\Cache), false)
12 SYSTEMPATH\Boot.php(363): CodeIgniter\CodeIgniter->run()
13 SYSTEMPATH\Boot.php(68): CodeIgniter\Boot::runCodeIgniter(Object(CodeIgniter\CodeIgniter))
14 FCPATH\index.php(59): CodeIgniter\Boot::bootWeb(Object(Config\Paths))
15 SYSTEMPATH\rewrite.php(44): require_once('C:\\xampp\\htdocs\\Proyecto-CampoLaboral-InstitutoAcademicoWEB\\public\\index.php')
ERROR - 2025-10-05 19:17:13 --> mysqli_sql_exception: Cannot add or update a child row: a foreign key constraint fails (`instituto`.`turnos`, CONSTRAINT `fk_turno_carrera` FOREIGN KEY (`ID_Carrera`) REFERENCES `carreras` (`ID_Carrera`) ON UPDATE CASCADE) in C:\xampp\htdocs\Proyecto-CampoLaboral-InstitutoAcademicoWEB\vendor\codeigniter4\framework\system\Database\MySQLi\Connection.php:327
Stack trace:
#0 C:\xampp\htdocs\Proyecto-CampoLaboral-InstitutoAcademicoWEB\vendor\codeigniter4\framework\system\Database\MySQLi\Connection.php(327): mysqli->query('INSERT INTO `tu...', 0)
#1 C:\xampp\htdocs\Proyecto-CampoLaboral-InstitutoAcademicoWEB\vendor\codeigniter4\framework\system\Database\BaseConnection.php(729): CodeIgniter\Database\MySQLi\Connection->execute('INSERT INTO `tu...')
#2 C:\xampp\htdocs\Proyecto-CampoLaboral-InstitutoAcademicoWEB\vendor\codeigniter4\framework\system\Database\BaseConnection.php(646): CodeIgniter\Database\BaseConnection->simpleQuery('INSERT INTO `tu...')
#3 C:\xampp\htdocs\Proyecto-CampoLaboral-InstitutoAcademicoWEB\vendor\codeigniter4\framework\system\Database\BaseBuilder.php(2345): CodeIgniter\Database\BaseConnection->query('INSERT INTO `tu...', Array, false)
#4 C:\xampp\htdocs\Proyecto-CampoLaboral-InstitutoAcademicoWEB\vendor\codeigniter4\framework\system\Model.php(394): CodeIgniter\Database\BaseBuilder->insert()
#5 C:\xampp\htdocs\Proyecto-CampoLaboral-InstitutoAcademicoWEB\vendor\codeigniter4\framework\system\BaseModel.php(838): CodeIgniter\Model->doInsert(Array)
#6 C:\xampp\htdocs\Proyecto-CampoLaboral-InstitutoAcademicoWEB\vendor\codeigniter4\framework\system\Model.php(797): CodeIgniter\BaseModel->insert(Array, true)
#7 C:\xampp\htdocs\Proyecto-CampoLaboral-InstitutoAcademicoWEB\app\controllers\turnos.php(27): CodeIgniter\Model->insert(Array)
#8 C:\xampp\htdocs\Proyecto-CampoLaboral-InstitutoAcademicoWEB\vendor\codeigniter4\framework\system\CodeIgniter.php(933): App\Controllers\Turnos->store()
#9 C:\xampp\htdocs\Proyecto-CampoLaboral-InstitutoAcademicoWEB\vendor\codeigniter4\framework\system\CodeIgniter.php(507): CodeIgniter\CodeIgniter->runController(Object(App\Controllers\Turnos))
#10 C:\xampp\htdocs\Proyecto-CampoLaboral-InstitutoAcademicoWEB\vendor\codeigniter4\framework\system\CodeIgniter.php(354): CodeIgniter\CodeIgniter->handleRequest(NULL, Object(Config\Cache), false)
#11 C:\xampp\htdocs\Proyecto-CampoLaboral-InstitutoAcademicoWEB\vendor\codeigniter4\framework\system\Boot.php(363): CodeIgniter\CodeIgniter->run()
#12 C:\xampp\htdocs\Proyecto-CampoLaboral-InstitutoAcademicoWEB\vendor\codeigniter4\framework\system\Boot.php(68): CodeIgniter\Boot::runCodeIgniter(Object(CodeIgniter\CodeIgniter))
#13 C:\xampp\htdocs\Proyecto-CampoLaboral-InstitutoAcademicoWEB\public\index.php(59): CodeIgniter\Boot::bootWeb(Object(Config\Paths))
#14 C:\xampp\htdocs\Proyecto-CampoLaboral-InstitutoAcademicoWEB\vendor\codeigniter4\framework\system\rewrite.php(44): require_once('C:\\xampp\\htdocs...')
#15 {main}
CRITICAL - 2025-10-05 19:17:13 --> CodeIgniter\Database\Exceptions\DatabaseException: Cannot add or update a child row: a foreign key constraint fails (`instituto`.`turnos`, CONSTRAINT `fk_turno_carrera` FOREIGN KEY (`ID_Carrera`) REFERENCES `carreras` (`ID_Carrera`) ON UPDATE CASCADE)
[Method: POST, Route: turnos/store]
in SYSTEMPATH\Database\BaseConnection.php on line 684.
 1 SYSTEMPATH\Database\BaseBuilder.php(2345): CodeIgniter\Database\BaseConnection->query('INSERT INTO `turnos` (`Turno`, `ID_Profesor`, `ID_Carrera`) VALUES (:Turno:, :ID_Profesor:, :ID_Carrera:)', [...], false)
 2 SYSTEMPATH\Model.php(394): CodeIgniter\Database\BaseBuilder->insert()
 3 SYSTEMPATH\BaseModel.php(838): CodeIgniter\Model->doInsert([...])
 4 SYSTEMPATH\Model.php(797): CodeIgniter\BaseModel->insert([...], true)
 5 APPPATH\controllers\turnos.php(27): CodeIgniter\Model->insert([...])
 6 SYSTEMPATH\CodeIgniter.php(933): App\Controllers\Turnos->store()
 7 SYSTEMPATH\CodeIgniter.php(507): CodeIgniter\CodeIgniter->runController(Object(App\Controllers\Turnos))
 8 SYSTEMPATH\CodeIgniter.php(354): CodeIgniter\CodeIgniter->handleRequest(null, Object(Config\Cache), false)
 9 SYSTEMPATH\Boot.php(363): CodeIgniter\CodeIgniter->run()
10 SYSTEMPATH\Boot.php(68): CodeIgniter\Boot::runCodeIgniter(Object(CodeIgniter\CodeIgniter))
11 FCPATH\index.php(59): CodeIgniter\Boot::bootWeb(Object(Config\Paths))
12 SYSTEMPATH\rewrite.php(44): require_once('C:\\xampp\\htdocs\\Proyecto-CampoLaboral-InstitutoAcademicoWEB\\public\\index.php')
CRITICAL - 2025-10-05 19:17:13 --> [Caused by] CodeIgniter\Database\Exceptions\DatabaseException: Cannot add or update a child row: a foreign key constraint fails (`instituto`.`turnos`, CONSTRAINT `fk_turno_carrera` FOREIGN KEY (`ID_Carrera`) REFERENCES `carreras` (`ID_Carrera`) ON UPDATE CASCADE)
in SYSTEMPATH\Database\MySQLi\Connection.php on line 332.
 1 SYSTEMPATH\Database\BaseConnection.php(729): CodeIgniter\Database\MySQLi\Connection->execute('INSERT INTO `turnos` (`Turno`, `ID_Profesor`, `ID_Carrera`) VALUES (\'Mañana\', \'2\', \'1\')')
 2 SYSTEMPATH\Database\BaseConnection.php(646): CodeIgniter\Database\BaseConnection->simpleQuery('INSERT INTO `turnos` (`Turno`, `ID_Profesor`, `ID_Carrera`) VALUES (\'Mañana\', \'2\', \'1\')')
 3 SYSTEMPATH\Database\BaseBuilder.php(2345): CodeIgniter\Database\BaseConnection->query('INSERT INTO `turnos` (`Turno`, `ID_Profesor`, `ID_Carrera`) VALUES (:Turno:, :ID_Profesor:, :ID_Carrera:)', [...], false)
 4 SYSTEMPATH\Model.php(394): CodeIgniter\Database\BaseBuilder->insert()
 5 SYSTEMPATH\BaseModel.php(838): CodeIgniter\Model->doInsert([...])
 6 SYSTEMPATH\Model.php(797): CodeIgniter\BaseModel->insert([...], true)
 7 APPPATH\controllers\turnos.php(27): CodeIgniter\Model->insert([...])
 8 SYSTEMPATH\CodeIgniter.php(933): App\Controllers\Turnos->store()
 9 SYSTEMPATH\CodeIgniter.php(507): CodeIgniter\CodeIgniter->runController(Object(App\Controllers\Turnos))
10 SYSTEMPATH\CodeIgniter.php(354): CodeIgniter\CodeIgniter->handleRequest(null, Object(Config\Cache), false)
11 SYSTEMPATH\Boot.php(363): CodeIgniter\CodeIgniter->run()
12 SYSTEMPATH\Boot.php(68): CodeIgniter\Boot::runCodeIgniter(Object(CodeIgniter\CodeIgniter))
13 FCPATH\index.php(59): CodeIgniter\Boot::bootWeb(Object(Config\Paths))
14 SYSTEMPATH\rewrite.php(44): require_once('C:\\xampp\\htdocs\\Proyecto-CampoLaboral-InstitutoAcademicoWEB\\public\\index.php')
CRITICAL - 2025-10-05 19:17:13 --> [Caused by] mysqli_sql_exception: Cannot add or update a child row: a foreign key constraint fails (`instituto`.`turnos`, CONSTRAINT `fk_turno_carrera` FOREIGN KEY (`ID_Carrera`) REFERENCES `carreras` (`ID_Carrera`) ON UPDATE CASCADE)
in SYSTEMPATH\Database\MySQLi\Connection.php on line 327.
 1 SYSTEMPATH\Database\MySQLi\Connection.php(327): mysqli->query('INSERT INTO `turnos` (`Turno`, `ID_Profesor`, `ID_Carrera`) VALUES (\'Mañana\', \'2\', \'1\')', 0)
 2 SYSTEMPATH\Database\BaseConnection.php(729): CodeIgniter\Database\MySQLi\Connection->execute('INSERT INTO `turnos` (`Turno`, `ID_Profesor`, `ID_Carrera`) VALUES (\'Mañana\', \'2\', \'1\')')
 3 SYSTEMPATH\Database\BaseConnection.php(646): CodeIgniter\Database\BaseConnection->simpleQuery('INSERT INTO `turnos` (`Turno`, `ID_Profesor`, `ID_Carrera`) VALUES (\'Mañana\', \'2\', \'1\')')
 4 SYSTEMPATH\Database\BaseBuilder.php(2345): CodeIgniter\Database\BaseConnection->query('INSERT INTO `turnos` (`Turno`, `ID_Profesor`, `ID_Carrera`) VALUES (:Turno:, :ID_Profesor:, :ID_Carrera:)', [...], false)
 5 SYSTEMPATH\Model.php(394): CodeIgniter\Database\BaseBuilder->insert()
 6 SYSTEMPATH\BaseModel.php(838): CodeIgniter\Model->doInsert([...])
 7 SYSTEMPATH\Model.php(797): CodeIgniter\BaseModel->insert([...], true)
 8 APPPATH\controllers\turnos.php(27): CodeIgniter\Model->insert([...])
 9 SYSTEMPATH\CodeIgniter.php(933): App\Controllers\Turnos->store()
10 SYSTEMPATH\CodeIgniter.php(507): CodeIgniter\CodeIgniter->runController(Object(App\Controllers\Turnos))
11 SYSTEMPATH\CodeIgniter.php(354): CodeIgniter\CodeIgniter->handleRequest(null, Object(Config\Cache), false)
12 SYSTEMPATH\Boot.php(363): CodeIgniter\CodeIgniter->run()
13 SYSTEMPATH\Boot.php(68): CodeIgniter\Boot::runCodeIgniter(Object(CodeIgniter\CodeIgniter))
14 FCPATH\index.php(59): CodeIgniter\Boot::bootWeb(Object(Config\Paths))
15 SYSTEMPATH\rewrite.php(44): require_once('C:\\xampp\\htdocs\\Proyecto-CampoLaboral-InstitutoAcademicoWEB\\public\\index.php')
DEBUG - 2025-10-05 20:00:08 --> Session: Class initialized using 'CodeIgniter\Session\Handlers\FileHandler' driver.
DEBUG - 2025-10-05 17:27:58 --> Session: Class initialized using 'CodeIgniter\Session\Handlers\FileHandler' driver.
DEBUG - 2025-10-05 17:35:05 --> Session: Class initialized using 'CodeIgniter\Session\Handlers\FileHandler' driver.
